<?xml version="1.0" encoding="UTF-8"?>
<testng-results skipped="0" failed="0" ignored="0" total="1" passed="1">
  <reporter-output>
  </reporter-output>
  <suite name="Default suite" duration-ms="50" started-at="2018-02-15T13:31:50Z" finished-at="2018-02-15T13:31:50Z">
    <groups>
    </groups>
    <test name="Default test" duration-ms="50" started-at="2018-02-15T13:31:50Z" finished-at="2018-02-15T13:31:50Z">
      <class name="MathProjectGit.Anupam.Calculator">
        <test-method status="PASS" signature="launchApp()[pri:0, instance:MathProjectGit.Anupam.Calculator@51efea79]" name="launchApp" duration-ms="16" started-at="2018-02-15T19:01:50Z" finished-at="2018-02-15T19:01:50Z">
          <reporter-output>
          </reporter-output>
        </test-method> <!-- launchApp -->
      </class> <!-- MathProjectGit.Anupam.Calculator -->
    </test> <!-- Default test -->
  </suite> <!-- Default suite -->
</testng-results>
