<?xml version="1.0" encoding="UTF-8"?>
<testng-results skipped="0" failed="0" ignored="0" total="1" passed="1">
  <reporter-output>
  </reporter-output>
  <suite name="Default suite" duration-ms="45" started-at="2018-02-16T12:48:42Z" finished-at="2018-02-16T12:48:42Z">
    <groups>
    </groups>
    <test name="Default test" duration-ms="45" started-at="2018-02-16T12:48:42Z" finished-at="2018-02-16T12:48:42Z">
      <class name="controller.logic.Calculator">
        <test-method status="PASS" signature="launchApp()[pri:0, instance:controller.logic.Calculator@51efea79]" name="launchApp" duration-ms="13" started-at="2018-02-16T18:18:42Z" finished-at="2018-02-16T18:18:42Z">
          <reporter-output>
          </reporter-output>
        </test-method> <!-- launchApp -->
      </class> <!-- controller.logic.Calculator -->
    </test> <!-- Default test -->
  </suite> <!-- Default suite -->
</testng-results>
